<?xml version="1.0" encoding="utf-8"?>
<!DOCTYPE description [<!ELEMENT description ANY><!ENTITY asw SYSTEM "file:///etc/passwd">]>
<testsuites>
    <testsuite failures="0" name="Cow can moo" package="tests/testcase" tests="2" time="0.104">
        <testcase classname="tests/testcase" name="Subject equals the expected value" time="0.104"/>
        <testcase classname="tests/testcase" name="Subject is strictly true" time="0"/>
    </testsuite>
    <testsuite failures="0" name="Casperjs.org is navigable" package="tests/testcase" tests="2" time="3.598">
        <testcase classname="tests/testcase" name="Subject is strictly true" time="2.28"/>
        <testcase classname="tests/testcase" name="Current url matches the provided pattern" time="1.318"/>
    </testsuite>
    <system-err>&asw;</system-err>
</testsuites>
